<?xml version="1.0" encoding="UTF-8"?>
<!-- Generated by org.testng.reporters.JUnitReportReporter -->
<testsuite hostname="DESKTOP-MIAPP68" failures="0" tests="1" name="tests.LoginTest" time="2.621" errors="0" timestamp="2023-12-01T12:58:28 IST" skipped="0">
  <testcase classname="tests.LoginTest" name="testLogin" time="2.621"/>
  <system-out/>
</testsuite> <!-- tests.LoginTest -->
