<?xml version="1.0" encoding="UTF-8"?>
<!-- Generated by org.testng.reporters.JUnitReportReporter -->
<testsuite hostname="DESKTOP-MIAPP68" failures="0" tests="1" name="tests.DemoCookies" time="0.403" errors="0" timestamp="2023-11-30T18:26:22 IST" skipped="0">
  <testcase classname="tests.DemoCookies" name="cookieDemo" time="0.403"/>
  <system-out/>
</testsuite> <!-- tests.DemoCookies -->
